<?xml version="1.0" encoding="UTF-8"?>
<!-- Generated by org.testng.reporters.JUnitReportReporter -->
<testsuite hostname="DESKTOP-HQVGHRO" failures="0" tests="1" name="sample.newProject_Test" time="12.189" errors="0" timestamp="2023-11-30T12:45:58 IST" skipped="0">
  <testcase classname="sample.newProject_Test" name="newTest" time="12.189"/>
  <system-out/>
</testsuite> <!-- sample.newProject_Test -->
